nohup: ignoring input
/home/hantai/anaconda3/envs/py36/lib/python3.6/site-packages/sklearn/externals/joblib/__init__.py:15: FutureWarning: sklearn.externals.joblib is deprecated in 0.21 and will be removed in 0.23. Please import this functionality directly from joblib, which can be installed with: pip install joblib. If this warning is raised when loading pickled models, you may need to re-serialize those models with scikit-learn 0.21+.
  warnings.warn(msg, category=FutureWarning)
/data/hantai/cifar10/all_train_data.pkl
/data/hantai/cifar10/all_test_data.pkl
MLP_im_200
normal_num_10_half
./test_yeast5/model_MLP_im_200/record_1/MLP_im_200_1
./test_yeast5/result_MLP_im_200_normal_num_10_half/record_1/
----------------------



(10000, 1)
[[1]
 [0]
 [0]
 [0]
 [0]
 [0]
 [0]
 [0]
 [1]
 [0]]
the AUC is 0.6307777777777779

the Fscore is 0.24936201239518777

the precision is 0.15247436469014714

the recall is 0.684

Done
/home/hantai/anaconda3/envs/py36/lib/python3.6/site-packages/sklearn/externals/joblib/__init__.py:15: FutureWarning: sklearn.externals.joblib is deprecated in 0.21 and will be removed in 0.23. Please import this functionality directly from joblib, which can be installed with: pip install joblib. If this warning is raised when loading pickled models, you may need to re-serialize those models with scikit-learn 0.21+.
  warnings.warn(msg, category=FutureWarning)
/data/hantai/cifar10/all_train_data.pkl
/data/hantai/cifar10/all_test_data.pkl
MLP_im_200
normal_num_10_half
./test_yeast5/model_MLP_im_200/record_1/MLP_im_200_2
./test_yeast5/result_MLP_im_200_normal_num_10_half/record_1/
----------------------



(10000, 1)
[[1]
 [0]
 [0]
 [0]
 [0]
 [0]
 [0]
 [0]
 [1]
 [0]]
the AUC is 0.6158333333333333

the Fscore is 0.24892897406989853

the precision is 0.16069868995633188

the recall is 0.552

Done
/home/hantai/anaconda3/envs/py36/lib/python3.6/site-packages/sklearn/externals/joblib/__init__.py:15: FutureWarning: sklearn.externals.joblib is deprecated in 0.21 and will be removed in 0.23. Please import this functionality directly from joblib, which can be installed with: pip install joblib. If this warning is raised when loading pickled models, you may need to re-serialize those models with scikit-learn 0.21+.
  warnings.warn(msg, category=FutureWarning)
/data/hantai/cifar10/all_train_data.pkl
/data/hantai/cifar10/all_test_data.pkl
MLP_im_200
normal_num_10_half
./test_yeast5/model_MLP_im_200/record_1/MLP_im_200_3
./test_yeast5/result_MLP_im_200_normal_num_10_half/record_1/
----------------------



(10000, 1)
[[1]
 [0]
 [0]
 [0]
 [0]
 [0]
 [0]
 [0]
 [1]
 [0]]
the AUC is 0.5947777777777777

the Fscore is 0.2353530295443165

the precision is 0.1569806279225117

the recall is 0.47

Done
/home/hantai/anaconda3/envs/py36/lib/python3.6/site-packages/sklearn/externals/joblib/__init__.py:15: FutureWarning: sklearn.externals.joblib is deprecated in 0.21 and will be removed in 0.23. Please import this functionality directly from joblib, which can be installed with: pip install joblib. If this warning is raised when loading pickled models, you may need to re-serialize those models with scikit-learn 0.21+.
  warnings.warn(msg, category=FutureWarning)
/data/hantai/cifar10/all_train_data.pkl
/data/hantai/cifar10/all_test_data.pkl
MLP_im_200
normal_num_10_half
./test_yeast5/model_MLP_im_200/record_1/MLP_im_200_4
./test_yeast5/result_MLP_im_200_normal_num_10_half/record_1/
----------------------



(10000, 1)
[[1]
 [0]
 [0]
 [0]
 [0]
 [0]
 [0]
 [0]
 [1]
 [0]]
the AUC is 0.5923888888888889

the Fscore is 0.23368046736093473

the precision is 0.15662240381341505

the recall is 0.46

Done
/home/hantai/anaconda3/envs/py36/lib/python3.6/site-packages/sklearn/externals/joblib/__init__.py:15: FutureWarning: sklearn.externals.joblib is deprecated in 0.21 and will be removed in 0.23. Please import this functionality directly from joblib, which can be installed with: pip install joblib. If this warning is raised when loading pickled models, you may need to re-serialize those models with scikit-learn 0.21+.
  warnings.warn(msg, category=FutureWarning)
/data/hantai/cifar10/all_train_data.pkl
/data/hantai/cifar10/all_test_data.pkl
MLP_im_200
normal_num_10_half
./test_yeast5/model_MLP_im_200/record_1/MLP_im_200_5
./test_yeast5/result_MLP_im_200_normal_num_10_half/record_1/
----------------------



(10000, 1)
[[1]
 [0]
 [0]
 [0]
 [0]
 [0]
 [0]
 [0]
 [1]
 [0]]
the AUC is 0.585388888888889

the Fscore is 0.23261463710901914

the precision is 0.16703009158307894

the recall is 0.383

Done
/home/hantai/anaconda3/envs/py36/lib/python3.6/site-packages/sklearn/externals/joblib/__init__.py:15: FutureWarning: sklearn.externals.joblib is deprecated in 0.21 and will be removed in 0.23. Please import this functionality directly from joblib, which can be installed with: pip install joblib. If this warning is raised when loading pickled models, you may need to re-serialize those models with scikit-learn 0.21+.
  warnings.warn(msg, category=FutureWarning)
/data/hantai/cifar10/all_train_data.pkl
/data/hantai/cifar10/all_test_data.pkl
MLP_im_500
normal_num_10_half
./test_yeast5/model_MLP_im_500/record_1/MLP_im_500_1
./test_yeast5/result_MLP_im_500_normal_num_10_half/record_1/
----------------------



Traceback (most recent call last):
  File "./classifier_MLP/test.py", line 316, in <module>
    net = torch.load(model_name)
  File "/home/hantai/anaconda3/envs/py36/lib/python3.6/site-packages/torch/serialization.py", line 579, in load
    with _open_file_like(f, 'rb') as opened_file:
  File "/home/hantai/anaconda3/envs/py36/lib/python3.6/site-packages/torch/serialization.py", line 230, in _open_file_like
    return _open_file(name_or_buffer, mode)
  File "/home/hantai/anaconda3/envs/py36/lib/python3.6/site-packages/torch/serialization.py", line 211, in __init__
    super(_open_file, self).__init__(open(name, mode))
FileNotFoundError: [Errno 2] No such file or directory: './test_yeast5/model_MLP_im_500/record_1/MLP_im_500_1'
