nohup: ignoring input
/home/hantai/anaconda3/envs/py36/lib/python3.6/site-packages/sklearn/externals/joblib/__init__.py:15: FutureWarning: sklearn.externals.joblib is deprecated in 0.21 and will be removed in 0.23. Please import this functionality directly from joblib, which can be installed with: pip install joblib. If this warning is raised when loading pickled models, you may need to re-serialize those models with scikit-learn 0.21+.
  warnings.warn(msg, category=FutureWarning)
/data/hantai/cifar10/all_train_data.pkl
/data/hantai/cifar10/all_test_data.pkl
MLP_normal_200
normal_num_10_half
./test_yeast5/model_MLP_normal_200/record_1/MLP_normal_200_1
./test_yeast5/result_MLP_normal_200_normal_num_10_half/record_1/
----------------------



(10000, 1)
[[1]
 [0]
 [0]
 [0]
 [0]
 [0]
 [0]
 [0]
 [1]
 [0]]
the AUC is 0.7166111111111111

the Fscore is 0.3052077662856106

the precision is 0.18643316337840835

the recall is 0.841

Done
/home/hantai/anaconda3/envs/py36/lib/python3.6/site-packages/sklearn/externals/joblib/__init__.py:15: FutureWarning: sklearn.externals.joblib is deprecated in 0.21 and will be removed in 0.23. Please import this functionality directly from joblib, which can be installed with: pip install joblib. If this warning is raised when loading pickled models, you may need to re-serialize those models with scikit-learn 0.21+.
  warnings.warn(msg, category=FutureWarning)
/data/hantai/cifar10/all_train_data.pkl
/data/hantai/cifar10/all_test_data.pkl
MLP_normal_200
normal_num_10_half
./test_yeast5/model_MLP_normal_200/record_1/MLP_normal_200_2
./test_yeast5/result_MLP_normal_200_normal_num_10_half/record_1/
----------------------



(10000, 1)
[[1]
 [0]
 [0]
 [0]
 [0]
 [0]
 [0]
 [0]
 [1]
 [0]]
the AUC is 0.7193333333333334

the Fscore is 0.3440860215053763

the precision is 0.2276843467011643

the recall is 0.704

Done
/home/hantai/anaconda3/envs/py36/lib/python3.6/site-packages/sklearn/externals/joblib/__init__.py:15: FutureWarning: sklearn.externals.joblib is deprecated in 0.21 and will be removed in 0.23. Please import this functionality directly from joblib, which can be installed with: pip install joblib. If this warning is raised when loading pickled models, you may need to re-serialize those models with scikit-learn 0.21+.
  warnings.warn(msg, category=FutureWarning)
/data/hantai/cifar10/all_train_data.pkl
/data/hantai/cifar10/all_test_data.pkl
MLP_normal_200
normal_num_10_half
./test_yeast5/model_MLP_normal_200/record_1/MLP_normal_200_3
./test_yeast5/result_MLP_normal_200_normal_num_10_half/record_1/
----------------------



(10000, 1)
[[1]
 [0]
 [0]
 [0]
 [0]
 [0]
 [0]
 [0]
 [1]
 [0]]
the AUC is 0.6985555555555555

the Fscore is 0.31056701030927836

the precision is 0.1977571115973742

the recall is 0.723

Done
/home/hantai/anaconda3/envs/py36/lib/python3.6/site-packages/sklearn/externals/joblib/__init__.py:15: FutureWarning: sklearn.externals.joblib is deprecated in 0.21 and will be removed in 0.23. Please import this functionality directly from joblib, which can be installed with: pip install joblib. If this warning is raised when loading pickled models, you may need to re-serialize those models with scikit-learn 0.21+.
  warnings.warn(msg, category=FutureWarning)
/data/hantai/cifar10/all_train_data.pkl
/data/hantai/cifar10/all_test_data.pkl
MLP_normal_200
normal_num_10_half
./test_yeast5/model_MLP_normal_200/record_1/MLP_normal_200_4
./test_yeast5/result_MLP_normal_200_normal_num_10_half/record_1/
----------------------



(10000, 1)
[[1]
 [0]
 [0]
 [0]
 [0]
 [0]
 [0]
 [0]
 [1]
 [0]]
the AUC is 0.7030000000000001

the Fscore is 0.32074613284804365

the precision is 0.20759717314487633

the recall is 0.705

Done
/home/hantai/anaconda3/envs/py36/lib/python3.6/site-packages/sklearn/externals/joblib/__init__.py:15: FutureWarning: sklearn.externals.joblib is deprecated in 0.21 and will be removed in 0.23. Please import this functionality directly from joblib, which can be installed with: pip install joblib. If this warning is raised when loading pickled models, you may need to re-serialize those models with scikit-learn 0.21+.
  warnings.warn(msg, category=FutureWarning)
/data/hantai/cifar10/all_train_data.pkl
/data/hantai/cifar10/all_test_data.pkl
MLP_normal_200
normal_num_10_half
./test_yeast5/model_MLP_normal_200/record_1/MLP_normal_200_5
./test_yeast5/result_MLP_normal_200_normal_num_10_half/record_1/
----------------------



(10000, 1)
[[1]
 [0]
 [0]
 [0]
 [0]
 [0]
 [0]
 [0]
 [1]
 [0]]
the AUC is 0.7234999999999999

the Fscore is 0.3353481083501232

the precision is 0.21603691952696857

the recall is 0.749

Done
/home/hantai/anaconda3/envs/py36/lib/python3.6/site-packages/sklearn/externals/joblib/__init__.py:15: FutureWarning: sklearn.externals.joblib is deprecated in 0.21 and will be removed in 0.23. Please import this functionality directly from joblib, which can be installed with: pip install joblib. If this warning is raised when loading pickled models, you may need to re-serialize those models with scikit-learn 0.21+.
  warnings.warn(msg, category=FutureWarning)
/data/hantai/cifar10/all_train_data.pkl
/data/hantai/cifar10/all_test_data.pkl
MLP_normal_500
normal_num_10_half
./test_yeast5/model_MLP_normal_500/record_1/MLP_normal_500_1
./test_yeast5/result_MLP_normal_500_normal_num_10_half/record_1/
----------------------



Traceback (most recent call last):
  File "./classifier_MLP/test.py", line 316, in <module>
    net = torch.load(model_name)
  File "/home/hantai/anaconda3/envs/py36/lib/python3.6/site-packages/torch/serialization.py", line 579, in load
    with _open_file_like(f, 'rb') as opened_file:
  File "/home/hantai/anaconda3/envs/py36/lib/python3.6/site-packages/torch/serialization.py", line 230, in _open_file_like
    return _open_file(name_or_buffer, mode)
  File "/home/hantai/anaconda3/envs/py36/lib/python3.6/site-packages/torch/serialization.py", line 211, in __init__
    super(_open_file, self).__init__(open(name, mode))
FileNotFoundError: [Errno 2] No such file or directory: './test_yeast5/model_MLP_normal_500/record_1/MLP_normal_500_1'
