nohup: ignoring input
/home/hantai/anaconda3/envs/py36/lib/python3.6/site-packages/sklearn/externals/joblib/__init__.py:15: FutureWarning: sklearn.externals.joblib is deprecated in 0.21 and will be removed in 0.23. Please import this functionality directly from joblib, which can be installed with: pip install joblib. If this warning is raised when loading pickled models, you may need to re-serialize those models with scikit-learn 0.21+.
  warnings.warn(msg, category=FutureWarning)
/data/hantai/cifar10/all_train_data.pkl
/data/hantai/cifar10/all_test_data.pkl
MLP_both2_200
normal_num_10_half
./test_yeast5/model_MLP_both2_200/record_1/MLP_both2_200_1
./test_yeast5/result_MLP_both2_200_normal_num_10_half/record_1/
----------------------



(10000, 1)
[[1]
 [0]
 [0]
 [0]
 [0]
 [0]
 [0]
 [0]
 [1]
 [0]]
the AUC is 0.6359999999999999

the Fscore is 0.235966219572777

the precision is 0.13471355643788996

the recall is 0.95

Done
/home/hantai/anaconda3/envs/py36/lib/python3.6/site-packages/sklearn/externals/joblib/__init__.py:15: FutureWarning: sklearn.externals.joblib is deprecated in 0.21 and will be removed in 0.23. Please import this functionality directly from joblib, which can be installed with: pip install joblib. If this warning is raised when loading pickled models, you may need to re-serialize those models with scikit-learn 0.21+.
  warnings.warn(msg, category=FutureWarning)
/data/hantai/cifar10/all_train_data.pkl
/data/hantai/cifar10/all_test_data.pkl
MLP_both2_200
normal_num_10_half
./test_yeast5/model_MLP_both2_200/record_1/MLP_both2_200_2
./test_yeast5/result_MLP_both2_200_normal_num_10_half/record_1/
----------------------



(10000, 1)
[[1]
 [0]
 [0]
 [0]
 [0]
 [0]
 [0]
 [0]
 [1]
 [0]]
the AUC is 0.7090000000000001

the Fscore is 0.29728777738640366

the precision is 0.18041898247114152

the recall is 0.844

Done
/home/hantai/anaconda3/envs/py36/lib/python3.6/site-packages/sklearn/externals/joblib/__init__.py:15: FutureWarning: sklearn.externals.joblib is deprecated in 0.21 and will be removed in 0.23. Please import this functionality directly from joblib, which can be installed with: pip install joblib. If this warning is raised when loading pickled models, you may need to re-serialize those models with scikit-learn 0.21+.
  warnings.warn(msg, category=FutureWarning)
/data/hantai/cifar10/all_train_data.pkl
/data/hantai/cifar10/all_test_data.pkl
MLP_both2_200
normal_num_10_half
./test_yeast5/model_MLP_both2_200/record_1/MLP_both2_200_3
./test_yeast5/result_MLP_both2_200_normal_num_10_half/record_1/
----------------------



(10000, 1)
[[1]
 [0]
 [0]
 [0]
 [0]
 [0]
 [0]
 [0]
 [1]
 [0]]
the AUC is 0.6764999999999999

the Fscore is 0.2897177003915104

the precision is 0.18245522969114975

the recall is 0.703

Done
/home/hantai/anaconda3/envs/py36/lib/python3.6/site-packages/sklearn/externals/joblib/__init__.py:15: FutureWarning: sklearn.externals.joblib is deprecated in 0.21 and will be removed in 0.23. Please import this functionality directly from joblib, which can be installed with: pip install joblib. If this warning is raised when loading pickled models, you may need to re-serialize those models with scikit-learn 0.21+.
  warnings.warn(msg, category=FutureWarning)
/data/hantai/cifar10/all_train_data.pkl
/data/hantai/cifar10/all_test_data.pkl
MLP_both2_200
normal_num_10_half
./test_yeast5/model_MLP_both2_200/record_1/MLP_both2_200_4
./test_yeast5/result_MLP_both2_200_normal_num_10_half/record_1/
----------------------



(10000, 1)
[[1]
 [0]
 [0]
 [0]
 [0]
 [0]
 [0]
 [0]
 [1]
 [0]]
the AUC is 0.6829444444444445

the Fscore is 0.29742936052687485

the precision is 0.18883193957377933

the recall is 0.7

Done
/home/hantai/anaconda3/envs/py36/lib/python3.6/site-packages/sklearn/externals/joblib/__init__.py:15: FutureWarning: sklearn.externals.joblib is deprecated in 0.21 and will be removed in 0.23. Please import this functionality directly from joblib, which can be installed with: pip install joblib. If this warning is raised when loading pickled models, you may need to re-serialize those models with scikit-learn 0.21+.
  warnings.warn(msg, category=FutureWarning)
/data/hantai/cifar10/all_train_data.pkl
/data/hantai/cifar10/all_test_data.pkl
MLP_both2_200
normal_num_10_half
./test_yeast5/model_MLP_both2_200/record_1/MLP_both2_200_5
./test_yeast5/result_MLP_both2_200_normal_num_10_half/record_1/
----------------------



(10000, 1)
[[1]
 [0]
 [0]
 [0]
 [0]
 [0]
 [0]
 [0]
 [1]
 [0]]
the AUC is 0.6653333333333333

the Fscore is 0.261519302615193

the precision is 0.15486725663716813

the recall is 0.84

Done
/home/hantai/anaconda3/envs/py36/lib/python3.6/site-packages/sklearn/externals/joblib/__init__.py:15: FutureWarning: sklearn.externals.joblib is deprecated in 0.21 and will be removed in 0.23. Please import this functionality directly from joblib, which can be installed with: pip install joblib. If this warning is raised when loading pickled models, you may need to re-serialize those models with scikit-learn 0.21+.
  warnings.warn(msg, category=FutureWarning)
/data/hantai/cifar10/all_train_data.pkl
/data/hantai/cifar10/all_test_data.pkl
MLP_both2_500
normal_num_10_half
./test_yeast5/model_MLP_both2_500/record_1/MLP_both2_500_1
./test_yeast5/result_MLP_both2_500_normal_num_10_half/record_1/
----------------------



Traceback (most recent call last):
  File "./classifier_MLP/test.py", line 316, in <module>
    net = torch.load(model_name)
  File "/home/hantai/anaconda3/envs/py36/lib/python3.6/site-packages/torch/serialization.py", line 579, in load
    with _open_file_like(f, 'rb') as opened_file:
  File "/home/hantai/anaconda3/envs/py36/lib/python3.6/site-packages/torch/serialization.py", line 230, in _open_file_like
    return _open_file(name_or_buffer, mode)
  File "/home/hantai/anaconda3/envs/py36/lib/python3.6/site-packages/torch/serialization.py", line 211, in __init__
    super(_open_file, self).__init__(open(name, mode))
FileNotFoundError: [Errno 2] No such file or directory: './test_yeast5/model_MLP_both2_500/record_1/MLP_both2_500_1'
